<?xml version="1.0" encoding="UTF-8"?>
<robot generator="Robot 6.1.1 (Python 3.9.13 on win32)" generated="20230830 16:32:24.216" rpa="false" schemaversion="4">
<suite id="s1" name="UIvsAPI" source="C:\Kaggle\autotest\UIvsAPI.robot">
<test id="s1-t1" name="Get API response" line="40">
<kw name="Create Session" library="RequestsLibrary">
<arg>GET_LA_DATA</arg>
<arg>${Base_URL}</arg>
<doc>Create Session: create a HTTP session to a server</doc>
<msg timestamp="20230830 16:32:24.539" level="INFO">Creating Session using : alias=GET_LA_DATA, url=https://ci-backend-dev-ci-ingress.pres-nonprod.gcphosts.net, headers={},                     cookies={}, auth=None, timeout=None, proxies=None, verify=False,                     debug=0 </msg>
<status status="PASS" starttime="20230830 16:32:24.537" endtime="20230830 16:32:24.539"/>
</kw>
<kw name="GET On Session" library="RequestsLibrary">
<var>${json_response}</var>
<arg>GET_LA_DATA</arg>
<arg>/car/get-not-available-docs/2023/8/GB/12</arg>
<doc>Sends a GET request on a previously created HTTP Session.</doc>
<msg timestamp="20230830 16:32:25.254" level="INFO">GET Request : url=https://ci-backend-dev-ci-ingress.pres-nonprod.gcphosts.net/car/get-not-available-docs/2023/8/GB/12 
 path_url=/car/get-not-available-docs/2023/8/GB/12 
 headers={'User-Agent': 'python-requests/2.31.0', 'Accept-Encoding': 'gzip, deflate', 'Accept': '*/*', 'Connection': 'keep-alive'} 
 body=None 
 </msg>
<msg timestamp="20230830 16:32:25.254" level="INFO">GET Response : url=https://ci-backend-dev-ci-ingress.pres-nonprod.gcphosts.net/car/get-not-available-docs/2023/8/GB/12 
 status=200, reason=OK 
 headers={'x-powered-by': 'Express', 'Access-Control-Allow-Origin': '*', 'content-type': 'application/json; charset=utf-8', 'etag': 'W/"4584-fMlmYag3xiuRVr/EIOV3Q6fk/58"', 'Vary': 'Accept-Encoding', 'content-encoding': 'gzip', 'date': 'Wed, 30 Aug 2023 13:32:24 GMT', 'Via': '1.1 google', 'Alt-Svc': 'h3=":443"; ma=2592000,h3-29=":443"; ma=2592000', 'Transfer-Encoding': 'chunked'} 
 body=[{"_id":1.153664621879805e+48,"fn_pick_up_location_code":"12","month":8,"pickup_dates":{"1":{"Expedia":{"1":false,"2":false,"3":false,"4":false,"5":false,"7":false},"Rentalcars":{"1":false,"2":false,"3":false,"4":false,"5":false,"7":false},"Avis":{"1":false,"2":false,"3":false,"4":false,"5":false,"7":false,"28":false},"Budget":{"1":false,"2":false,"3":false,"4":false,"5":false,"7":false,"28":true},"Hertz":{"1":false,"2":false,"3":false,"4":false,"5":false,"7":false,"28":false},"Sixt":{"1":false,"2":false,"3":false,"4":false,"5":false,"7":false,"28":false},"Europcar":{"1":false,"2":false,"3":false,"4":false,"5":false,"7":false,"28":false},"Enterprise":{"1":false,"2":false,"3":false,"4":false,"5":false,"7":false}},"2":{"autoeurope":{"3":true,"7":true,"10":true,"14":true},"Expedia":{"1":false,"2":false,"3":false,"4":false,"5":false,"7":false,"28":false},"Rentalcars":{"1":false,"2":false,"3":false,"4":false,"5":false,"7":false},"Avis":{"1":false,"2":false,"3":false,"4":false,"5":false,"7":false,"28":false},"Budget":{"1":false,"2":false,"3":false,"4":false,"5":false,"7":false,"28":false},"Hertz":{"1":false,"2":false,"3":false,"4":false,"5":false,"7":false,"28":false},"Sixt":{"1":false,"2":false,"3":false,"4":false,"5":false,"7":false,"28":false},"Europcar":{"1":false,"2":false,"3":false,"4":false,"5":false,"7":false,"28":false},"Enterprise":{"1":false,"2":false,"3":false,"4":false,"5":false,"7":false,"28":false}},"3":{"Expedia":{"1":false,"2":false,"3":false,"4":false,"5":false,"7":false,"28":false},"Rentalcars":{"1":false,"3":false,"4":false,"5":false,"7":false},"Avis":{"1":false,"2":false,"3":false,"4":false,"5":false,"7":false,"28":false},"Budget":{"1":false,"2":false,"3":false,"4":false,"5":false,"7":false,"28":false},"Hertz":{"1":false,"2":false,"3":false,"4":false,"5":false,"7":false,"28":false},"Sixt":{"1":false,"2":false,"3":false,"4":false,"5":false,"7":false,"28":false},"Europcar":{"1":false,"2":false,"3":false,"4":false,"5":false,"7":false,"28":false},"Enterprise":{"1":false,"2":false,"3":false,"4":false,"5":false,"7":false,"28":false}},"4":{"Expedia":{"1":false,"2":false,"3":false,"4":false,"5":false,"7":false,"28":false},"Rentalcars":{"1":false,"2":false,"3":false,"4":false,"5":false,"7":false},"greenmotion":{"3":false},"easirent":{"3":false},"Enterprise":{"1":false,"2":false,"3":false,"4":false,"5":false,"7":false,"28":false},"Sixt":{"1":false,"2":false,"3":false,"4":false,"5":false,"7":false,"28":false},"Europcar":{"1":false,"2":false,"3":false,"4":false,"5":false,"7":false,"28":false},"Avis":{"1":false,"2":false,"3":false,"4":false,"5":false,"7":false,"28":false},"Hertz":{"1":false,"2":false,"3":false,"4":false,"5":false,"7":false,"28":false},"Budget":{"1":false,"2":false,"3":false,"4":false,"5":false,"7":false,"28":false}},"5":{"Hertz":{"1":true,"2":false,"3":false,"4":false,"5":false,"7":true,"28":false},"autoeurope":{"3":true,"7":true,"10":true,"14":true},"Expedia":{"1":false,"2":false,"3":false,"4":false,"5":false,"7":false,"28":false},"Rentalcars":{"1":false,"2":false,"3":false,"4":false,"5":false,"7":false},"Enterprise":{"1":false,"2":false,"3":false,"4":false,"5":false,"7":false,"28":false},"Sixt":{"1":true,"2":false,"3":false,"4":false,"5":false,"7":false,"28":false},"Europcar":{"1":false,"2":false,"3":false,"4":false,"5":false,"7":false,"28":false},"Avis":{"1":false,"2":false,"3":false,"4":false,"5":false,"7":false,"28":false},"Budget":{"1":false,"2":false,"3":false,"4":false,"5":false,"7":false,"28":false}},"6":{"Expedia":{"1":false,"2":false,"3":false,"4":false,"5":false,"7":false,"28":false},"Rentalcars":{"1":false,"2":false,"3":false,"4":false,"5":false,"7":false},"Enterprise":{"1":false,"2":false,"3":false,"4":false,"5":false,"7":false,"28":false},"Europcar":{"1":false,"2":false,"3":false,"4":false,"5":false,"7":false,"28":false},"Avis":{"1":false,"2":false,"3":false,"4":false,"5":false,"7":false,"28":false},"Hertz":{"1":false,"2":false,"3":false,"4":false,"5":false,"7":false,"28":false},"Sixt":{"1":true,"2":false,"3":false,"4":false,"5":false,"7":false,"28":false},"Budget":{"1":false,"2":false,"3":false,"4":false,"5":false,"7":false,"28":false}},"7":{"Expedia":{"1":false,"2":false,"3":false,"4":false,"5":false,"7":false,"28":false},"Rentalcars":{"1":false,"2":false,"3":false,"4":false,"5":false,"7":false},"greenmotion":{"3":false},"easirent":{"3":false},"Enterprise":{"1":false,"2":false,"3":false,"4":false,"5":false,"7":false,"28":false},"Sixt":{"1":false,"2":false,"3":false,"4":false,"5":false,"7":false,"28":false},"Avis":{"1":false,"2":false,"3":false,"4":false,"5":false,"7":false,"28":false},"Budget":{"1":false,"2":false,"3":false,"4":false,"5":false,"7":false,"28":false},"Europcar":{"1":false,"2":false,"3":false,"4":false,"5":false,"7":false,"28":false},"Hertz":{"1":false,"2":false,"3":false,"4":false,"5":false,"7":false,"28":false}},"8":{"autoeurope":{"1":false,"7":false},"Expedia":{"1":false,"2":false,"3":false,"4":false,"5":false,"7":false,"28":false},"Rentalcars":{"1":false,"2":false,"3":false,"4":false,"5":false,"7":false},"Enterprise":{"1":false,"2":false,"3":false,"4":false,"5":false,"7":false,"28":false},"Europcar":{"1":false,"2":false,"3":false,"4":false,"5":false,"7":false,"28":false},"Avis":{"1":false,"2":false,"3":false,"4":false,"5":false,"7":false,"28":false},"Budget":{"1":false,"2":false,"3":false,"4":false,"5":false,"7":false,"28":false},"Hertz":{"1":false,"2":false,"3":false,"4":false,"5":false,"7":false,"28":false},"Sixt":{"1":false,"2":false,"3":false,"4":false,"5":false,"7":false,"28":false}},"9":{"autoeurope":{"3":true,"7":true,"10":true,"14":true},"Expedia":{"1":false,"2":false,"3":false,"4":false,"5":false,"7":false,"28":false},"Rentalcars":{"1":false,"2":false,"3":false,"4":false,"5":false,"7":false},"Enterprise":{"1":false,"2":false,"3":false,"4":false,"5":false,"7":false,"28":false},"Europcar":{"1":false,"2":false,"3":false,"4":false,"5":false,"7":false,"28":false},"Avis":{"1":false,"2":false,"3":false,"4":false,"5":false,"7":false,"28":false},"Budget":{"1":false,"2":false,"3":false,"4":false,"5":false,"7":false,"28":false},"Hertz":{"1":false,"2":false,"3":false,"4":false,"5":false,"7":false,"28":false},"Sixt":{"1":false,"2":false,"3":false,"4":false,"5":false,"7":false,"28":false}},"10":{"Expedia":{"1":false,"2":false,"3":false,"4":false,"5":false,"7":false,"28":false},"Avis":{"1":false,"2":false,"3":false,"4":false,"5":false,"7":false,"28":false},"Hertz":{"1":false,"2":false,"3":false,"4":false,"5":false,"7":false,"28":false},"Rentalcars":{"1":false,"2":false,"3":false,"4":false,"5":false,"7":false},"Enterprise":{"1":true,"2":true,"3":false,"4":false,"5":false,"7":false,"28":false},"Europcar":{"1":false,"2":false,"3":false,"4":false,"5":false,"7":false,"28":false},"Budget":{"1":false,"2":false,"3":false,"4":false,"5":false,"7":false,"28":false},"Sixt":{"1":true,"2":false,"3":false,"4":false,"5":false,"7":false,"28":false}},"11":{"Expedia":{"1":false,"2":false,"3":false,"4":false,"5":false,"7":false,"28":false},"Avis":{"1":false,"2":false,"3":false,"4":false,"5":false,"7":false,"28":false},"Hertz":{"1":false,"2":false,"3":false,"4":false,"5":false,"7":false,"28":false},"Rentalcars":{"1":false,"2":false,"3":false,"4":false,"5":false,"7":false},"greenmotion":{"3":false},"easirent":{"3":false},"Enterprise":{"1":false,"2":false,"3":false,"4":false,"5":false,"7":false,"28":false},"Europcar":{"1":false,"2":false,"3":false,"4":false,"5":false,"7":false,"28":false},"Budget":{"1":false,"2":false,"3":false,"4":false,"5":false,"7":false,"28":false},"Sixt":{"1":true,"2":false,"3":false,"4":false,"5":false,"7":false,"28":false}},"12":{"autoeurope":{"3":true,"7":true,"10":true,"14":true},"Expedia":{"1":false,"2":false,"3":false,"4":false,"5":false,"7":false},"Avis":{"1":false,"3":false,"4":false,"7":false},"Hertz":{"1":false,"2":false,"3":false,"4":false,"5":false,"7":false},"Rentalcars":{"1":false,"2":false,"3":false,"4":false,"5":false,"7":false},"Sixt":{"1":true,"2":false,"3":false,"4":false,"7":false},"Enterprise":{"3":false,"4":false,"5":false,"7":false},"Europcar":{"2":false,"3":false,"5":false,"7":false}},"13":{"Expedia":{"1":false,"2":false,"3":false,"4":false,"5":false,"7":false},"Rentalcars":{"1":false,"2":false,"3":false,"4":false,"5":false,"7":false},"Avis":{"1":false,"2":false,"3":false,"5":false,"7":false},"Hertz":{"1":false,"2":false,"3":false,"4":false,"5":false,"7":false},"Sixt":{"1":false,"2":false,"3":false,"4":false,"7":false},"Europcar":{"1":false,"2":false,"3":false,"4":false,"5":false,"7":false}},"14":{"Expedia":{"1":false,"2":false,"3":false,"4":false,"5":false,"7":false},"Rentalcars":{"1":false,"2":false,"3":false,"4":false,"5":false,"7":false},"greenmotion":{"3":false},"easirent":{"3":false},"Avis":{"1":false,"3":false,"4":false,"5":false,"7":false},"Hertz":{"1":false,"2":false,"3":false,"4":false,"7":false},"Sixt":{"1":false,"2":false,"3":false,"4":false,"7":false},"Enterprise":{"2":false,"3":false,"7":false},"Europcar":{"1":false,"2":false,"3":false,"4":false,"5":false,"7":false}},"15":{"Hertz":{"1":false,"2":false,"3":false,"4":false,"5":false,"7":false},"Expedia":{"1":false,"2":false,"3":false,"4":false,"5":false,"7":false},"Rentalcars":{"1":false,"2":false,"3":false,"4":false,"5":false,"7":false,"14":false},"Enterprise":{"1":false,"2":false,"3":false,"4":false,"5":false,"7":false},"Europcar":{"1":false,"2":false,"3":false,"4":false,"5":false,"7":false},"Sixt":{"1":false,"2":false,"3":false,"4":false,"5":false,"7":false},"Avis":{"1":false,"2":false,"3":false,"4":false,"5":false,"7":false,"10":false},"Budget":{"1":false,"2":false},"Priceline":{"1":false,"2":false}},"16":{"Hertz":{"1":false,"2":false,"3":false,"4":false,"5":false,"7":false},"autoeurope":{"3":true,"7":true,"10":true,"14":true},"Expedia":{"1":false,"2":false,"3":false,"4":false,"5":false,"7":false},"Rentalcars":{"1":false,"2":false,"3":false,"4":false,"5":false,"7":false},"Enterprise":{"1":false,"2":false,"3":false,"4":false,"5":false,"7":false},"Europcar":{"1":false,"2":fal... (set the log level to DEBUG or TRACE to see the full content) 
 </msg>
<msg timestamp="20230830 16:32:25.255" level="INFO">C:\Kaggle\autotest\lib\site-packages\urllib3\connectionpool.py:1095: InsecureRequestWarning: Unverified HTTPS request is being made to host 'ci-backend-dev-ci-ingress.pres-nonprod.gcphosts.net'. Adding certificate verification is strongly advised. See: https://urllib3.readthedocs.io/en/latest/advanced-usage.html#tls-warnings
  warnings.warn(</msg>
<msg timestamp="20230830 16:32:25.256" level="INFO">${json_response} = &lt;Response [200]&gt;</msg>
<status status="PASS" starttime="20230830 16:32:24.539" endtime="20230830 16:32:25.256"/>
</kw>
<kw name="Convert To String" library="BuiltIn">
<var>${json_content}</var>
<arg>${json_response.content}</arg>
<doc>Converts the given item to a Unicode string.</doc>
<msg timestamp="20230830 16:32:25.258" level="INFO">${json_content} = [{"_id":1.153664621879805e+48,"fn_pick_up_location_code":"12","month":8,"pickup_dates":{"1":{"Expedia":{"1":false,"2":false,"3":false,"4":false,"5":false,"7":false},"Rentalcars":{"1":false,"2":false,"...</msg>
<status status="PASS" starttime="20230830 16:32:25.257" endtime="20230830 16:32:25.258"/>
</kw>
<kw name="Remove String Using Regexp" library="String">
<var>${content_without_end_bracket}</var>
<arg>${json_content}</arg>
<arg>['\\]]</arg>
<doc>Removes ``patterns`` from the given ``string``.</doc>
<msg timestamp="20230830 16:32:25.260" level="INFO">${content_without_end_bracket} = [{"_id":1.153664621879805e+48,"fn_pick_up_location_code":"12","month":8,"pickup_dates":{"1":{"Expedia":{"1":false,"2":false,"3":false,"4":false,"5":false,"7":false},"Rentalcars":{"1":false,"2":false,"...</msg>
<status status="PASS" starttime="20230830 16:32:25.259" endtime="20230830 16:32:25.260"/>
</kw>
<kw name="Remove String Using Regexp" library="String">
<var>${content_without_start_bracket}</var>
<arg>${content_without_end_bracket}</arg>
<arg>['\\[]</arg>
<doc>Removes ``patterns`` from the given ``string``.</doc>
<msg timestamp="20230830 16:32:25.262" level="INFO">${content_without_start_bracket} = {"_id":1.153664621879805e+48,"fn_pick_up_location_code":"12","month":8,"pickup_dates":{"1":{"Expedia":{"1":false,"2":false,"3":false,"4":false,"5":false,"7":false},"Rentalcars":{"1":false,"2":false,"3...</msg>
<status status="PASS" starttime="20230830 16:32:25.261" endtime="20230830 16:32:25.262"/>
</kw>
<kw name="Convert String To Json" library="JSONLibrary">
<var>${pure_json}</var>
<arg>${content_without_start_bracket}</arg>
<doc>Convert String to JSON object</doc>
<msg timestamp="20230830 16:32:25.264" level="INFO">${pure_json} = {'_id': 1.153664621879805e+48, 'fn_pick_up_location_code': '12', 'month': 8, 'pickup_dates': {'1': {'Expedia': {'1': False, '2': False, '3': False, '4': False, '5': False, '7': False}, 'Rentalcars': {...</msg>
<status status="PASS" starttime="20230830 16:32:25.262" endtime="20230830 16:32:25.264"/>
</kw>
<kw name="Get Value From Json" library="JSONLibrary">
<var>${pickup_dates}</var>
<arg>${pure_json}</arg>
<arg>$.pickup_dates</arg>
<doc>Get Value From JSON using JSONPath</doc>
<msg timestamp="20230830 16:32:25.300" level="INFO">${pickup_dates} = [{'1': {'Expedia': {'1': False, '2': False, '3': False, '4': False, '5': False, '7': False}, 'Rentalcars': {'1': False, '2': False, '3': False, '4': False, '5': False, '7': False}, 'Avis': {'1': False...</msg>
<status status="PASS" starttime="20230830 16:32:25.265" endtime="20230830 16:32:25.300"/>
</kw>
<kw name="Convert To String" library="BuiltIn">
<var>${pickup_dates_tostring}</var>
<arg>${pickup_dates}</arg>
<doc>Converts the given item to a Unicode string.</doc>
<msg timestamp="20230830 16:32:25.301" level="INFO">${pickup_dates_tostring} = [{'1': {'Expedia': {'1': False, '2': False, '3': False, '4': False, '5': False, '7': False}, 'Rentalcars': {'1': False, '2': False, '3': False, '4': False, '5': False, '7': False}, 'Avis': {'1': False...</msg>
<status status="PASS" starttime="20230830 16:32:25.300" endtime="20230830 16:32:25.301"/>
</kw>
<kw name="Remove String Using Regexp" library="String">
<var>${pickup_dates_without_end_bracket}</var>
<arg>${pickup_dates_tostring}</arg>
<arg>['\\]]</arg>
<doc>Removes ``patterns`` from the given ``string``.</doc>
<msg timestamp="20230830 16:32:25.302" level="INFO">${pickup_dates_without_end_bracket} = [{1: {Expedia: {1: False, 2: False, 3: False, 4: False, 5: False, 7: False}, Rentalcars: {1: False, 2: False, 3: False, 4: False, 5: False, 7: False}, Avis: {1: False, 2: False, 3: False, 4: False, 5:...</msg>
<status status="PASS" starttime="20230830 16:32:25.301" endtime="20230830 16:32:25.302"/>
</kw>
<kw name="Remove String Using Regexp" library="String">
<var>${pickup_dates_without_start_bracket}</var>
<arg>${pickup_dates_without_end_bracket}</arg>
<arg>['\\[]</arg>
<doc>Removes ``patterns`` from the given ``string``.</doc>
<msg timestamp="20230830 16:32:25.303" level="INFO">${pickup_dates_without_start_bracket} = {1: {Expedia: {1: False, 2: False, 3: False, 4: False, 5: False, 7: False}, Rentalcars: {1: False, 2: False, 3: False, 4: False, 5: False, 7: False}, Avis: {1: False, 2: False, 3: False, 4: False, 5: ...</msg>
<status status="PASS" starttime="20230830 16:32:25.303" endtime="20230830 16:32:25.303"/>
</kw>
<kw name="Replace String Using Regexp" library="String">
<var>${pickup_dates_replace}</var>
<arg>${pickup_dates_without_start_bracket}</arg>
<arg>[\b\d]</arg>
<arg>'hello'</arg>
<doc>Replaces ``pattern`` in the given ``string`` with ``replace_with``.</doc>
<msg timestamp="20230830 16:32:25.304" level="INFO">${pickup_dates_replace} = {1: {Expe'hello'ia: {1: False, 2: False, 3: False, 4: False, 5: False, 7: False}, Rentalcars: {1: False, 2: False, 3: False, 4: False, 5: False, 7: False}, Avis: {1: False, 2: False, 3: False, 4: Fals...</msg>
<status status="PASS" starttime="20230830 16:32:25.304" endtime="20230830 16:32:25.304"/>
</kw>
<kw name="Log To Console" library="BuiltIn">
<arg>${pickup_dates_replace}</arg>
<doc>Logs the given message to the console.</doc>
<status status="PASS" starttime="20230830 16:32:25.305" endtime="20230830 16:32:25.310"/>
</kw>
<status status="PASS" starttime="20230830 16:32:24.537" endtime="20230830 16:32:25.310"/>
</test>
<doc>Login Functionality</doc>
<status status="PASS" starttime="20230830 16:32:24.218" endtime="20230830 16:32:25.312"/>
</suite>
<statistics>
<total>
<stat pass="1" fail="0" skip="0">All Tests</stat>
</total>
<tag>
</tag>
<suite>
<stat pass="1" fail="0" skip="0" id="s1" name="UIvsAPI">UIvsAPI</stat>
</suite>
</statistics>
<errors>
</errors>
</robot>
