<?xml version="1.0" encoding="UTF-8"?>
<robot generator="Robot 6.1.1 (Python 3.11.0 on win32)" generated="20230830 23:05:41.399" rpa="false" schemaversion="4">
<suite id="s1" name="UIvsAPI" source="E:\Automation\Python\python_autotest\UIvsAPI.robot">
<test id="s1-t1" name="Get API response" line="40">
<kw name="Create Session" library="RequestsLibrary">
<arg>GET_LA_DATA</arg>
<arg>${Base_URL}</arg>
<doc>Create Session: create a HTTP session to a server</doc>
<msg timestamp="20230830 23:05:42.159" level="INFO">Creating Session using : alias=GET_LA_DATA, url=https://ci-backend-dev-ci-ingress.pres-nonprod.gcphosts.net, headers={},                     cookies={}, auth=None, timeout=None, proxies=None, verify=False,                     debug=0 </msg>
<status status="PASS" starttime="20230830 23:05:42.159" endtime="20230830 23:05:42.159"/>
</kw>
<kw name="GET On Session" library="RequestsLibrary">
<var>${json_response}</var>
<arg>GET_LA_DATA</arg>
<arg>/car/get-not-available-docs/2023/8/GB/12</arg>
<doc>Sends a GET request on a previously created HTTP Session.</doc>
<msg timestamp="20230830 23:05:42.824" level="INFO">GET Request : url=https://ci-backend-dev-ci-ingress.pres-nonprod.gcphosts.net/car/get-not-available-docs/2023/8/GB/12 
 path_url=/car/get-not-available-docs/2023/8/GB/12 
 headers={'User-Agent': 'python-requests/2.31.0', 'Accept-Encoding': 'gzip, deflate', 'Accept': '*/*', 'Connection': 'keep-alive'} 
 body=None 
 </msg>
<msg timestamp="20230830 23:05:42.824" level="INFO">GET Response : url=https://ci-backend-dev-ci-ingress.pres-nonprod.gcphosts.net/car/get-not-available-docs/2023/8/GB/12 
 status=200, reason=OK 
 headers={'x-powered-by': 'Express', 'Access-Control-Allow-Origin': '*', 'content-type': 'application/json; charset=utf-8', 'etag': 'W/"4584-fMlmYag3xiuRVr/EIOV3Q6fk/58"', 'Vary': 'Accept-Encoding', 'content-encoding': 'gzip', 'date': 'Wed, 30 Aug 2023 20:05:42 GMT', 'Via': '1.1 google', 'Alt-Svc': 'h3=":443"; ma=2592000,h3-29=":443"; ma=2592000', 'Transfer-Encoding': 'chunked'} 
 body=[{"_id":1.153664621879805e+48,"fn_pick_up_location_code":"12","month":8,"pickup_dates":{"1":{"Expedia":{"1":false,"2":false,"3":false,"4":false,"5":false,"7":false},"Rentalcars":{"1":false,"2":false,"3":false,"4":false,"5":false,"7":false},"Avis":{"1":false,"2":false,"3":false,"4":false,"5":false,"7":false,"28":false},"Budget":{"1":false,"2":false,"3":false,"4":false,"5":false,"7":false,"28":true},"Hertz":{"1":false,"2":false,"3":false,"4":false,"5":false,"7":false,"28":false},"Sixt":{"1":false,"2":false,"3":false,"4":false,"5":false,"7":false,"28":false},"Europcar":{"1":false,"2":false,"3":false,"4":false,"5":false,"7":false,"28":false},"Enterprise":{"1":false,"2":false,"3":false,"4":false,"5":false,"7":false}},"2":{"autoeurope":{"3":true,"7":true,"10":true,"14":true},"Expedia":{"1":false,"2":false,"3":false,"4":false,"5":false,"7":false,"28":false},"Rentalcars":{"1":false,"2":false,"3":false,"4":false,"5":false,"7":false},"Avis":{"1":false,"2":false,"3":false,"4":false,"5":false,"7":false,"28":false},"Budget":{"1":false,"2":false,"3":false,"4":false,"5":false,"7":false,"28":false},"Hertz":{"1":false,"2":false,"3":false,"4":false,"5":false,"7":false,"28":false},"Sixt":{"1":false,"2":false,"3":false,"4":false,"5":false,"7":false,"28":false},"Europcar":{"1":false,"2":false,"3":false,"4":false,"5":false,"7":false,"28":false},"Enterprise":{"1":false,"2":false,"3":false,"4":false,"5":false,"7":false,"28":false}},"3":{"Expedia":{"1":false,"2":false,"3":false,"4":false,"5":false,"7":false,"28":false},"Rentalcars":{"1":false,"3":false,"4":false,"5":false,"7":false},"Avis":{"1":false,"2":false,"3":false,"4":false,"5":false,"7":false,"28":false},"Budget":{"1":false,"2":false,"3":false,"4":false,"5":false,"7":false,"28":false},"Hertz":{"1":false,"2":false,"3":false,"4":false,"5":false,"7":false,"28":false},"Sixt":{"1":false,"2":false,"3":false,"4":false,"5":false,"7":false,"28":false},"Europcar":{"1":false,"2":false,"3":false,"4":false,"5":false,"7":false,"28":false},"Enterprise":{"1":false,"2":false,"3":false,"4":false,"5":false,"7":false,"28":false}},"4":{"Expedia":{"1":false,"2":false,"3":false,"4":false,"5":false,"7":false,"28":false},"Rentalcars":{"1":false,"2":false,"3":false,"4":false,"5":false,"7":false},"greenmotion":{"3":false},"easirent":{"3":false},"Enterprise":{"1":false,"2":false,"3":false,"4":false,"5":false,"7":false,"28":false},"Sixt":{"1":false,"2":false,"3":false,"4":false,"5":false,"7":false,"28":false},"Europcar":{"1":false,"2":false,"3":false,"4":false,"5":false,"7":false,"28":false},"Avis":{"1":false,"2":false,"3":false,"4":false,"5":false,"7":false,"28":false},"Hertz":{"1":false,"2":false,"3":false,"4":false,"5":false,"7":false,"28":false},"Budget":{"1":false,"2":false,"3":false,"4":false,"5":false,"7":false,"28":false}},"5":{"Hertz":{"1":true,"2":false,"3":false,"4":false,"5":false,"7":true,"28":false},"autoeurope":{"3":true,"7":true,"10":true,"14":true},"Expedia":{"1":false,"2":false,"3":false,"4":false,"5":false,"7":false,"28":false},"Rentalcars":{"1":false,"2":false,"3":false,"4":false,"5":false,"7":false},"Enterprise":{"1":false,"2":false,"3":false,"4":false,"5":false,"7":false,"28":false},"Sixt":{"1":true,"2":false,"3":false,"4":false,"5":false,"7":false,"28":false},"Europcar":{"1":false,"2":false,"3":false,"4":false,"5":false,"7":false,"28":false},"Avis":{"1":false,"2":false,"3":false,"4":false,"5":false,"7":false,"28":false},"Budget":{"1":false,"2":false,"3":false,"4":false,"5":false,"7":false,"28":false}},"6":{"Expedia":{"1":false,"2":false,"3":false,"4":false,"5":false,"7":false,"28":false},"Rentalcars":{"1":false,"2":false,"3":false,"4":false,"5":false,"7":false},"Enterprise":{"1":false,"2":false,"3":false,"4":false,"5":false,"7":false,"28":false},"Europcar":{"1":false,"2":false,"3":false,"4":false,"5":false,"7":false,"28":false},"Avis":{"1":false,"2":false,"3":false,"4":false,"5":false,"7":false,"28":false},"Hertz":{"1":false,"2":false,"3":false,"4":false,"5":false,"7":false,"28":false},"Sixt":{"1":true,"2":false,"3":false,"4":false,"5":false,"7":false,"28":false},"Budget":{"1":false,"2":false,"3":false,"4":false,"5":false,"7":false,"28":false}},"7":{"Expedia":{"1":false,"2":false,"3":false,"4":false,"5":false,"7":false,"28":false},"Rentalcars":{"1":false,"2":false,"3":false,"4":false,"5":false,"7":false},"greenmotion":{"3":false},"easirent":{"3":false},"Enterprise":{"1":false,"2":false,"3":false,"4":false,"5":false,"7":false,"28":false},"Sixt":{"1":false,"2":false,"3":false,"4":false,"5":false,"7":false,"28":false},"Avis":{"1":false,"2":false,"3":false,"4":false,"5":false,"7":false,"28":false},"Budget":{"1":false,"2":false,"3":false,"4":false,"5":false,"7":false,"28":false},"Europcar":{"1":false,"2":false,"3":false,"4":false,"5":false,"7":false,"28":false},"Hertz":{"1":false,"2":false,"3":false,"4":false,"5":false,"7":false,"28":false}},"8":{"autoeurope":{"1":false,"7":false},"Expedia":{"1":false,"2":false,"3":false,"4":false,"5":false,"7":false,"28":false},"Rentalcars":{"1":false,"2":false,"3":false,"4":false,"5":false,"7":false},"Enterprise":{"1":false,"2":false,"3":false,"4":false,"5":false,"7":false,"28":false},"Europcar":{"1":false,"2":false,"3":false,"4":false,"5":false,"7":false,"28":false},"Avis":{"1":false,"2":false,"3":false,"4":false,"5":false,"7":false,"28":false},"Budget":{"1":false,"2":false,"3":false,"4":false,"5":false,"7":false,"28":false},"Hertz":{"1":false,"2":false,"3":false,"4":false,"5":false,"7":false,"28":false},"Sixt":{"1":false,"2":false,"3":false,"4":false,"5":false,"7":false,"28":false}},"9":{"autoeurope":{"3":true,"7":true,"10":true,"14":true},"Expedia":{"1":false,"2":false,"3":false,"4":false,"5":false,"7":false,"28":false},"Rentalcars":{"1":false,"2":false,"3":false,"4":false,"5":false,"7":false},"Enterprise":{"1":false,"2":false,"3":false,"4":false,"5":false,"7":false,"28":false},"Europcar":{"1":false,"2":false,"3":false,"4":false,"5":false,"7":false,"28":false},"Avis":{"1":false,"2":false,"3":false,"4":false,"5":false,"7":false,"28":false},"Budget":{"1":false,"2":false,"3":false,"4":false,"5":false,"7":false,"28":false},"Hertz":{"1":false,"2":false,"3":false,"4":false,"5":false,"7":false,"28":false},"Sixt":{"1":false,"2":false,"3":false,"4":false,"5":false,"7":false,"28":false}},"10":{"Expedia":{"1":false,"2":false,"3":false,"4":false,"5":false,"7":false,"28":false},"Avis":{"1":false,"2":false,"3":false,"4":false,"5":false,"7":false,"28":false},"Hertz":{"1":false,"2":false,"3":false,"4":false,"5":false,"7":false,"28":false},"Rentalcars":{"1":false,"2":false,"3":false,"4":false,"5":false,"7":false},"Enterprise":{"1":true,"2":true,"3":false,"4":false,"5":false,"7":false,"28":false},"Europcar":{"1":false,"2":false,"3":false,"4":false,"5":false,"7":false,"28":false},"Budget":{"1":false,"2":false,"3":false,"4":false,"5":false,"7":false,"28":false},"Sixt":{"1":true,"2":false,"3":false,"4":false,"5":false,"7":false,"28":false}},"11":{"Expedia":{"1":false,"2":false,"3":false,"4":false,"5":false,"7":false,"28":false},"Avis":{"1":false,"2":false,"3":false,"4":false,"5":false,"7":false,"28":false},"Hertz":{"1":false,"2":false,"3":false,"4":false,"5":false,"7":false,"28":false},"Rentalcars":{"1":false,"2":false,"3":false,"4":false,"5":false,"7":false},"greenmotion":{"3":false},"easirent":{"3":false},"Enterprise":{"1":false,"2":false,"3":false,"4":false,"5":false,"7":false,"28":false},"Europcar":{"1":false,"2":false,"3":false,"4":false,"5":false,"7":false,"28":false},"Budget":{"1":false,"2":false,"3":false,"4":false,"5":false,"7":false,"28":false},"Sixt":{"1":true,"2":false,"3":false,"4":false,"5":false,"7":false,"28":false}},"12":{"autoeurope":{"3":true,"7":true,"10":true,"14":true},"Expedia":{"1":false,"2":false,"3":false,"4":false,"5":false,"7":false},"Avis":{"1":false,"3":false,"4":false,"7":false},"Hertz":{"1":false,"2":false,"3":false,"4":false,"5":false,"7":false},"Rentalcars":{"1":false,"2":false,"3":false,"4":false,"5":false,"7":false},"Sixt":{"1":true,"2":false,"3":false,"4":false,"7":false},"Enterprise":{"3":false,"4":false,"5":false,"7":false},"Europcar":{"2":false,"3":false,"5":false,"7":false}},"13":{"Expedia":{"1":false,"2":false,"3":false,"4":false,"5":false,"7":false},"Rentalcars":{"1":false,"2":false,"3":false,"4":false,"5":false,"7":false},"Avis":{"1":false,"2":false,"3":false,"5":false,"7":false},"Hertz":{"1":false,"2":false,"3":false,"4":false,"5":false,"7":false},"Sixt":{"1":false,"2":false,"3":false,"4":false,"7":false},"Europcar":{"1":false,"2":false,"3":false,"4":false,"5":false,"7":false}},"14":{"Expedia":{"1":false,"2":false,"3":false,"4":false,"5":false,"7":false},"Rentalcars":{"1":false,"2":false,"3":false,"4":false,"5":false,"7":false},"greenmotion":{"3":false},"easirent":{"3":false},"Avis":{"1":false,"3":false,"4":false,"5":false,"7":false},"Hertz":{"1":false,"2":false,"3":false,"4":false,"7":false},"Sixt":{"1":false,"2":false,"3":false,"4":false,"7":false},"Enterprise":{"2":false,"3":false,"7":false},"Europcar":{"1":false,"2":false,"3":false,"4":false,"5":false,"7":false}},"15":{"Hertz":{"1":false,"2":false,"3":false,"4":false,"5":false,"7":false},"Expedia":{"1":false,"2":false,"3":false,"4":false,"5":false,"7":false},"Rentalcars":{"1":false,"2":false,"3":false,"4":false,"5":false,"7":false,"14":false},"Enterprise":{"1":false,"2":false,"3":false,"4":false,"5":false,"7":false},"Europcar":{"1":false,"2":false,"3":false,"4":false,"5":false,"7":false},"Sixt":{"1":false,"2":false,"3":false,"4":false,"5":false,"7":false},"Avis":{"1":false,"2":false,"3":false,"4":false,"5":false,"7":false,"10":false},"Budget":{"1":false,"2":false},"Priceline":{"1":false,"2":false}},"16":{"Hertz":{"1":false,"2":false,"3":false,"4":false,"5":false,"7":false},"autoeurope":{"3":true,"7":true,"10":true,"14":true},"Expedia":{"1":false,"2":false,"3":false,"4":false,"5":false,"7":false},"Rentalcars":{"1":false,"2":false,"3":false,"4":false,"5":false,"7":false},"Enterprise":{"1":false,"2":false,"3":false,"4":false,"5":false,"7":false},"Europcar":{"1":false,"2":fal... (set the log level to DEBUG or TRACE to see the full content) 
 </msg>
<msg timestamp="20230830 23:05:42.825" level="INFO">C:\Users\bogdanlotuk\AppData\Local\Programs\Python\Python311\Lib\site-packages\urllib3\connectionpool.py:1095: InsecureRequestWarning: Unverified HTTPS request is being made to host 'ci-backend-dev-ci-ingress.pres-nonprod.gcphosts.net'. Adding certificate verification is strongly advised. See: https://urllib3.readthedocs.io/en/latest/advanced-usage.html#tls-warnings
  warnings.warn(</msg>
<msg timestamp="20230830 23:05:42.831" level="INFO">${json_response} = &lt;Response [200]&gt;</msg>
<status status="PASS" starttime="20230830 23:05:42.160" endtime="20230830 23:05:42.831"/>
</kw>
<kw name="Convert To String" library="BuiltIn">
<var>${data_to_string}</var>
<arg>${json_response.content}</arg>
<doc>Converts the given item to a Unicode string.</doc>
<msg timestamp="20230830 23:05:42.833" level="INFO">${data_to_string} = [{"_id":1.153664621879805e+48,"fn_pick_up_location_code":"12","month":8,"pickup_dates":{"1":{"Expedia":{"1":false,"2":false,"3":false,"4":false,"5":false,"7":false},"Rentalcars":{"1":false,"2":false,"...</msg>
<status status="PASS" starttime="20230830 23:05:42.832" endtime="20230830 23:05:42.833"/>
</kw>
<kw name="Remove String Using Regexp" library="String">
<var>${content_without_brackets}</var>
<arg>${data_to_string}</arg>
<arg>['\\[\\]']</arg>
<doc>Removes ``patterns`` from the given ``string``.</doc>
<msg timestamp="20230830 23:05:42.834" level="INFO">${content_without_brackets} = {"_id":1.153664621879805e+48,"fn_pick_up_location_code":"12","month":8,"pickup_dates":{"1":{"Expedia":{"1":false,"2":false,"3":false,"4":false,"5":false,"7":false},"Rentalcars":{"1":false,"2":false,"3...</msg>
<status status="PASS" starttime="20230830 23:05:42.834" endtime="20230830 23:05:42.835"/>
</kw>
<kw name="Convert String To Json" library="JSONLibrary">
<var>${data_to_json}</var>
<arg>${content_without_brackets}</arg>
<doc>Convert String to JSON object</doc>
<msg timestamp="20230830 23:05:42.836" level="INFO">${data_to_json} = {'_id': 1.153664621879805e+48, 'fn_pick_up_location_code': '12', 'month': 8, 'pickup_dates': {'1': {'Expedia': {'1': False, '2': False, '3': False, '4': False, '5': False, '7': False}, 'Rentalcars': {...</msg>
<status status="PASS" starttime="20230830 23:05:42.835" endtime="20230830 23:05:42.836"/>
</kw>
<kw name="Get Value From Json" library="JSONLibrary">
<var>${data_from_json}</var>
<arg>${data_to_json}</arg>
<arg>$.pickup_dates.'1'.Budget.'28'</arg>
<doc>Get Value From JSON using JSONPath</doc>
<msg timestamp="20230830 23:05:42.870" level="INFO">${data_from_json} = [True]</msg>
<status status="PASS" starttime="20230830 23:05:42.837" endtime="20230830 23:05:42.871"/>
</kw>
<kw name="Get From List" library="Collections">
<var>${final_data}</var>
<arg>${data_from_json}</arg>
<arg>0</arg>
<doc>Returns the value specified with an ``index`` from ``list``.</doc>
<msg timestamp="20230830 23:05:42.872" level="INFO">${final_data} = True</msg>
<status status="PASS" starttime="20230830 23:05:42.871" endtime="20230830 23:05:42.872"/>
</kw>
<kw name="Log To Console" library="BuiltIn">
<arg>${final_data}</arg>
<doc>Logs the given message to the console.</doc>
<status status="PASS" starttime="20230830 23:05:42.872" endtime="20230830 23:05:42.873"/>
</kw>
<status status="PASS" starttime="20230830 23:05:42.158" endtime="20230830 23:05:42.873"/>
</test>
<doc>Login Functionality</doc>
<status status="PASS" starttime="20230830 23:05:41.402" endtime="20230830 23:05:42.874"/>
</suite>
<statistics>
<total>
<stat pass="1" fail="0" skip="0">All Tests</stat>
</total>
<tag>
</tag>
<suite>
<stat pass="1" fail="0" skip="0" id="s1" name="UIvsAPI">UIvsAPI</stat>
</suite>
</statistics>
<errors>
</errors>
</robot>
